[2023-03-15 08:31:14] Текст ошибки: Контроллер app\controllers\admin\MainController не найден | Файл: D:\OSPanel\domains\watchesshop\vendor\watchesshop\core\Router.php | Строка: 39 
        
********
[2023-03-15 08:34:02] Текст ошибки: Class 'R' not found | Файл: D:\OSPanel\domains\watchesshop\app\views\layouts\watches.php | Строка: 293 
        
********
[2023-03-15 08:46:08] Текст ошибки: Страница не найдена | Файл: D:\OSPanel\domains\watchesshop\vendor\watchesshop\core\Router.php | Строка: 42 
        
********
[2023-03-15 08:46:09] Текст ошибки: Страница не найдена | Файл: D:\OSPanel\domains\watchesshop\vendor\watchesshop\core\Router.php | Строка: 42 
        
********
[2023-03-15 08:46:09] Текст ошибки: Страница не найдена | Файл: D:\OSPanel\domains\watchesshop\vendor\watchesshop\core\Router.php | Строка: 42 
        
********
[2023-03-15 08:46:09] Текст ошибки: Страница не найдена | Файл: D:\OSPanel\domains\watchesshop\vendor\watchesshop\core\Router.php | Строка: 42 
        
********
[2023-03-15 08:46:10] Текст ошибки: Страница не найдена | Файл: D:\OSPanel\domains\watchesshop\vendor\watchesshop\core\Router.php | Строка: 42 
        
********
[2023-03-15 08:46:10] Текст ошибки: Страница не найдена | Файл: D:\OSPanel\domains\watchesshop\vendor\watchesshop\core\Router.php | Строка: 42 
        
********
[2023-03-15 08:46:11] Текст ошибки: Страница не найдена | Файл: D:\OSPanel\domains\watchesshop\vendor\watchesshop\core\Router.php | Строка: 42 
        
********
[2023-03-15 08:46:11] Текст ошибки: Страница не найдена | Файл: D:\OSPanel\domains\watchesshop\vendor\watchesshop\core\Router.php | Строка: 42 
        
********
[2023-03-15 08:46:11] Текст ошибки: Страница не найдена | Файл: D:\OSPanel\domains\watchesshop\vendor\watchesshop\core\Router.php | Строка: 42 
        
********
[2023-03-15 08:46:12] Текст ошибки: Страница не найдена | Файл: D:\OSPanel\domains\watchesshop\vendor\watchesshop\core\Router.php | Строка: 42 
        
********
[2023-03-15 08:46:12] Текст ошибки: Страница не найдена | Файл: D:\OSPanel\domains\watchesshop\vendor\watchesshop\core\Router.php | Строка: 42 
        
********
[2023-03-15 08:46:13] Текст ошибки: Страница не найдена | Файл: D:\OSPanel\domains\watchesshop\vendor\watchesshop\core\Router.php | Строка: 42 
        
********
[2023-03-15 08:46:13] Текст ошибки: Страница не найдена | Файл: D:\OSPanel\domains\watchesshop\vendor\watchesshop\core\Router.php | Строка: 42 
        
********
[2023-03-15 08:46:13] Текст ошибки: Страница не найдена | Файл: D:\OSPanel\domains\watchesshop\vendor\watchesshop\core\Router.php | Строка: 42 
        
********
[2023-03-15 08:46:14] Текст ошибки: Страница не найдена | Файл: D:\OSPanel\domains\watchesshop\vendor\watchesshop\core\Router.php | Строка: 42 
        
********
[2023-03-15 08:46:14] Текст ошибки: Страница не найдена | Файл: D:\OSPanel\domains\watchesshop\vendor\watchesshop\core\Router.php | Строка: 42 
        
********
[2023-03-15 08:46:15] Текст ошибки: Страница не найдена | Файл: D:\OSPanel\domains\watchesshop\vendor\watchesshop\core\Router.php | Строка: 42 
        
********
[2023-03-15 08:46:15] Текст ошибки: Страница не найдена | Файл: D:\OSPanel\domains\watchesshop\vendor\watchesshop\core\Router.php | Строка: 42 
        
********
[2023-03-15 08:46:15] Текст ошибки: Страница не найдена | Файл: D:\OSPanel\domains\watchesshop\vendor\watchesshop\core\Router.php | Строка: 42 
        
********
[2023-03-15 08:46:16] Текст ошибки: Страница не найдена | Файл: D:\OSPanel\domains\watchesshop\vendor\watchesshop\core\Router.php | Строка: 42 
        
********
[2023-03-15 08:46:16] Текст ошибки: Страница не найдена | Файл: D:\OSPanel\domains\watchesshop\vendor\watchesshop\core\Router.php | Строка: 42 
        
********
[2023-03-15 08:46:17] Текст ошибки: Страница не найдена | Файл: D:\OSPanel\domains\watchesshop\vendor\watchesshop\core\Router.php | Строка: 42 
        
********
[2023-03-15 08:46:17] Текст ошибки: Страница не найдена | Файл: D:\OSPanel\domains\watchesshop\vendor\watchesshop\core\Router.php | Строка: 42 
        
********
[2023-03-15 08:46:18] Текст ошибки: Страница не найдена | Файл: D:\OSPanel\domains\watchesshop\vendor\watchesshop\core\Router.php | Строка: 42 
        
********
[2023-03-15 08:46:18] Текст ошибки: Страница не найдена | Файл: D:\OSPanel\domains\watchesshop\vendor\watchesshop\core\Router.php | Строка: 42 
        
********
[2023-03-15 08:46:18] Текст ошибки: Страница не найдена | Файл: D:\OSPanel\domains\watchesshop\vendor\watchesshop\core\Router.php | Строка: 42 
        
********
[2023-03-15 08:46:19] Текст ошибки: Страница не найдена | Файл: D:\OSPanel\domains\watchesshop\vendor\watchesshop\core\Router.php | Строка: 42 
        
********
[2023-03-15 08:46:19] Текст ошибки: Страница не найдена | Файл: D:\OSPanel\domains\watchesshop\vendor\watchesshop\core\Router.php | Строка: 42 
        
********
[2023-03-15 08:46:20] Текст ошибки: Страница не найдена | Файл: D:\OSPanel\domains\watchesshop\vendor\watchesshop\core\Router.php | Строка: 42 
        
********
[2023-03-15 08:46:20] Текст ошибки: Страница не найдена | Файл: D:\OSPanel\domains\watchesshop\vendor\watchesshop\core\Router.php | Строка: 42 
        
********
[2023-03-15 08:46:20] Текст ошибки: Страница не найдена | Файл: D:\OSPanel\domains\watchesshop\vendor\watchesshop\core\Router.php | Строка: 42 
        
********
[2023-03-15 08:46:21] Текст ошибки: Страница не найдена | Файл: D:\OSPanel\domains\watchesshop\vendor\watchesshop\core\Router.php | Строка: 42 
        
********
[2023-03-15 08:47:04] Текст ошибки: Страница не найдена | Файл: D:\OSPanel\domains\watchesshop\vendor\watchesshop\core\Router.php | Строка: 42 
        
********
[2023-03-15 08:55:33] Текст ошибки: Страница не найдена | Файл: D:\OSPanel\domains\watchesshop\vendor\watchesshop\core\Router.php | Строка: 42 
        
********
[2023-03-16 07:41:52] Текст ошибки: Страница не найдена | Файл: D:\OSPanel\domains\watchesshop\vendor\watchesshop\core\Router.php | Строка: 42 
        
********
[2023-03-17 04:48:44] Текст ошибки: Страница не найдена | Файл: D:\OSPanel\domains\watchesshop\vendor\watchesshop\core\Router.php | Строка: 42 
        
********
[2023-03-17 04:57:06] Текст ошибки: Страница не найдена | Файл: D:\OSPanel\domains\watchesshop\vendor\watchesshop\core\Router.php | Строка: 42 
        
********
[2023-03-17 05:09:58] Текст ошибки: Не найден вид D:\OSPanel\domains\watchesshop/app/views/admin\User/login-admin.php | Файл: D:\OSPanel\domains\watchesshop\vendor\watchesshop\core\base\View.php | Строка: 41 
        
********
[2023-03-17 05:09:59] Текст ошибки: Не найден вид D:\OSPanel\domains\watchesshop/app/views/admin\User/login-admin.php | Файл: D:\OSPanel\domains\watchesshop\vendor\watchesshop\core\base\View.php | Строка: 41 
        
********
[2023-03-17 05:21:50] Текст ошибки: Страница не найдена | Файл: D:\OSPanel\domains\watchesshop\vendor\watchesshop\core\Router.php | Строка: 42 
        
********
[2023-03-17 05:21:51] Текст ошибки: Страница не найдена | Файл: D:\OSPanel\domains\watchesshop\vendor\watchesshop\core\Router.php | Строка: 42 
        
********
[2023-03-17 05:27:20] Текст ошибки: Call to undefined function app\controllers\admin\debut() | Файл: D:\OSPanel\domains\watchesshop\app\controllers\admin\MainController.php | Строка: 11 
        
********
[2023-03-17 05:27:21] Текст ошибки: Call to undefined function app\controllers\admin\debut() | Файл: D:\OSPanel\domains\watchesshop\app\controllers\admin\MainController.php | Строка: 11 
        
********
[2023-03-17 05:29:23] Текст ошибки: Страница не найдена | Файл: D:\OSPanel\domains\watchesshop\vendor\watchesshop\core\Router.php | Строка: 42 
        
********
[2023-03-17 05:33:35] Текст ошибки: Контроллер app\controllers\admin\ProductController не найден | Файл: D:\OSPanel\domains\watchesshop\vendor\watchesshop\core\Router.php | Строка: 39 
        
********
[2023-03-17 05:33:36] Текст ошибки: Контроллер app\controllers\admin\ProductController не найден | Файл: D:\OSPanel\domains\watchesshop\vendor\watchesshop\core\Router.php | Строка: 39 
        
********
[2023-03-17 05:37:42] Текст ошибки: Контроллер app\controllers\admin\IndexController не найден | Файл: D:\OSPanel\domains\watchesshop\vendor\watchesshop\core\Router.php | Строка: 39 
        
********
[2023-03-17 05:37:43] Текст ошибки: Контроллер app\controllers\admin\IndexController не найден | Файл: D:\OSPanel\domains\watchesshop\vendor\watchesshop\core\Router.php | Строка: 39 
        
********
[2023-03-17 05:37:44] Текст ошибки: Контроллер app\controllers\admin\IndexController не найден | Файл: D:\OSPanel\domains\watchesshop\vendor\watchesshop\core\Router.php | Строка: 39 
        
********
[2023-03-17 06:01:38] Текст ошибки: SQLSTATE[42S22]: Column not found: 1054 Unknown column 'order.name' in 'field list' | Файл: D:\OSPanel\domains\watchesshop\vendor\gabordemooij\redbean\RedBeanPHP\Driver\RPDO.php | Строка: 206 
        
********
[2023-03-17 06:01:39] Текст ошибки: SQLSTATE[42S22]: Column not found: 1054 Unknown column 'order.name' in 'field list' | Файл: D:\OSPanel\domains\watchesshop\vendor\gabordemooij\redbean\RedBeanPHP\Driver\RPDO.php | Строка: 206 
        
********
[2023-03-17 06:07:16] Текст ошибки: Метод app\controllers\admin\OrderController::viewAction не найден | Файл: D:\OSPanel\domains\watchesshop\vendor\watchesshop\core\Router.php | Строка: 36 
        
********
[2023-03-17 06:07:17] Текст ошибки: Метод app\controllers\admin\OrderController::viewAction не найден | Файл: D:\OSPanel\domains\watchesshop\vendor\watchesshop\core\Router.php | Строка: 36 
        
********
[2023-03-17 06:19:57] Текст ошибки: Страница не найдена | Файл: D:\OSPanel\domains\watchesshop\app\controllers\admin\AppController.php | Строка: 30 
        
********
[2023-03-17 06:19:58] Текст ошибки: Страница не найдена | Файл: D:\OSPanel\domains\watchesshop\app\controllers\admin\AppController.php | Строка: 30 
        
********
[2023-03-17 06:22:17] Текст ошибки: Не найден вид D:\OSPanel\domains\watchesshop/app/views/admin\Order/view.php | Файл: D:\OSPanel\domains\watchesshop\vendor\watchesshop\core\base\View.php | Строка: 41 
        
********
[2023-03-17 06:22:18] Текст ошибки: Не найден вид D:\OSPanel\domains\watchesshop/app/views/admin\Order/view.php | Файл: D:\OSPanel\domains\watchesshop\vendor\watchesshop\core\base\View.php | Строка: 41 
        
********
[2023-03-17 06:23:14] Текст ошибки: Не найден вид D:\OSPanel\domains\watchesshop/app/views/admin\Order/view.php | Файл: D:\OSPanel\domains\watchesshop\vendor\watchesshop\core\base\View.php | Строка: 41 
        
********
[2023-03-17 06:23:15] Текст ошибки: Не найден вид D:\OSPanel\domains\watchesshop/app/views/admin\Order/view.php | Файл: D:\OSPanel\domains\watchesshop\vendor\watchesshop\core\base\View.php | Строка: 41 
        
********
[2023-03-17 06:23:35] Текст ошибки: Не найден вид D:\OSPanel\domains\watchesshop/app/views/admin\Order/view.php | Файл: D:\OSPanel\domains\watchesshop\vendor\watchesshop\core\base\View.php | Строка: 41 
        
********
[2023-03-17 06:23:36] Текст ошибки: Не найден вид D:\OSPanel\domains\watchesshop/app/views/admin\Order/view.php | Файл: D:\OSPanel\domains\watchesshop\vendor\watchesshop\core\base\View.php | Строка: 41 
        
********
[2023-03-17 07:02:57] Текст ошибки: Expected response code "250" but got code "550", with message "550 Message was not accepted -- invalid mailbox.  Local mailbox restart45885431re@mail.ru is unavailable: user not found". | Файл: D:\OSPanel\domains\watchesshop\vendor\symfony\mailer\Transport\Smtp\SmtpTransport.php | Строка: 307 
        
********
[2023-03-17 07:02:58] Текст ошибки: Не найден вид D:\OSPanel\domains\watchesshop/app/views/Cart/checkout.php | Файл: D:\OSPanel\domains\watchesshop\vendor\watchesshop\core\base\View.php | Строка: 41 
        
********
[2023-03-17 09:53:36] Текст ошибки: Метод app\controllers\admin\UserController::indexAction не найден | Файл: D:\OSPanel\domains\watchesshop\vendor\watchesshop\core\Router.php | Строка: 36 
        
********
[2023-03-17 09:53:37] Текст ошибки: Метод app\controllers\admin\UserController::indexAction не найден | Файл: D:\OSPanel\domains\watchesshop\vendor\watchesshop\core\Router.php | Строка: 36 
        
********
[2023-03-17 10:24:42] Текст ошибки: Метод app\controllers\admin\OrderController::changeAction не найден | Файл: D:\OSPanel\domains\watchesshop\vendor\watchesshop\core\Router.php | Строка: 36 
        
********
[2023-03-17 10:24:43] Текст ошибки: Метод app\controllers\admin\OrderController::changeAction не найден | Файл: D:\OSPanel\domains\watchesshop\vendor\watchesshop\core\Router.php | Строка: 36 
        
********
[2023-03-17 10:24:44] Текст ошибки: Метод app\controllers\admin\OrderController::deleteAction не найден | Файл: D:\OSPanel\domains\watchesshop\vendor\watchesshop\core\Router.php | Строка: 36 
        
********
[2023-03-17 10:24:45] Текст ошибки: Метод app\controllers\admin\OrderController::deleteAction не найден | Файл: D:\OSPanel\domains\watchesshop\vendor\watchesshop\core\Router.php | Строка: 36 
        
********
[2023-03-17 10:24:48] Текст ошибки: Метод app\controllers\admin\OrderController::deleteAction не найден | Файл: D:\OSPanel\domains\watchesshop\vendor\watchesshop\core\Router.php | Строка: 36 
        
********
[2023-03-17 10:24:49] Текст ошибки: Метод app\controllers\admin\OrderController::deleteAction не найден | Файл: D:\OSPanel\domains\watchesshop\vendor\watchesshop\core\Router.php | Строка: 36 
        
********
[2023-03-17 10:26:24] Текст ошибки: Метод app\controllers\admin\OrderController::deleteAction не найден | Файл: D:\OSPanel\domains\watchesshop\vendor\watchesshop\core\Router.php | Строка: 36 
        
********
[2023-03-17 10:26:25] Текст ошибки: Метод app\controllers\admin\OrderController::deleteAction не найден | Файл: D:\OSPanel\domains\watchesshop\vendor\watchesshop\core\Router.php | Строка: 36 
        
********
[2023-03-17 10:26:29] Текст ошибки: Метод app\controllers\admin\OrderController::deleteAction не найден | Файл: D:\OSPanel\domains\watchesshop\vendor\watchesshop\core\Router.php | Строка: 36 
        
********
[2023-03-17 10:26:30] Текст ошибки: Метод app\controllers\admin\OrderController::deleteAction не найден | Файл: D:\OSPanel\domains\watchesshop\vendor\watchesshop\core\Router.php | Строка: 36 
        
********
[2023-03-17 10:28:33] Текст ошибки: Метод app\controllers\admin\OrderController::deleteAction не найден | Файл: D:\OSPanel\domains\watchesshop\vendor\watchesshop\core\Router.php | Строка: 36 
        
********
[2023-03-17 10:28:34] Текст ошибки: Метод app\controllers\admin\OrderController::deleteAction не найден | Файл: D:\OSPanel\domains\watchesshop\vendor\watchesshop\core\Router.php | Строка: 36 
        
********
[2023-03-17 10:34:49] Текст ошибки: SQLSTATE[01000]: Warning: 1265 Data truncated for column 'status' at row 1 | Файл: D:\OSPanel\domains\watchesshop\vendor\gabordemooij\redbean\RedBeanPHP\Driver\RPDO.php | Строка: 206 
        
********
[2023-03-17 10:34:50] Текст ошибки: SQLSTATE[01000]: Warning: 1265 Data truncated for column 'status' at row 1 | Файл: D:\OSPanel\domains\watchesshop\vendor\gabordemooij\redbean\RedBeanPHP\Driver\RPDO.php | Строка: 206 
        
********
[2023-03-17 10:35:52] Текст ошибки: SQLSTATE[01000]: Warning: 1265 Data truncated for column 'status' at row 1 | Файл: D:\OSPanel\domains\watchesshop\vendor\gabordemooij\redbean\RedBeanPHP\Driver\RPDO.php | Строка: 206 
        
********
[2023-03-17 10:35:53] Текст ошибки: SQLSTATE[01000]: Warning: 1265 Data truncated for column 'status' at row 1 | Файл: D:\OSPanel\domains\watchesshop\vendor\gabordemooij\redbean\RedBeanPHP\Driver\RPDO.php | Строка: 206 
        
********
[2023-03-17 10:36:51] Текст ошибки: SQLSTATE[01000]: Warning: 1265 Data truncated for column 'status' at row 1 | Файл: D:\OSPanel\domains\watchesshop\vendor\gabordemooij\redbean\RedBeanPHP\Driver\RPDO.php | Строка: 206 
        
********
[2023-03-17 10:36:52] Текст ошибки: SQLSTATE[01000]: Warning: 1265 Data truncated for column 'status' at row 1 | Файл: D:\OSPanel\domains\watchesshop\vendor\gabordemooij\redbean\RedBeanPHP\Driver\RPDO.php | Строка: 206 
        
********
[2023-03-17 10:37:08] Текст ошибки: SQLSTATE[01000]: Warning: 1265 Data truncated for column 'status' at row 1 | Файл: D:\OSPanel\domains\watchesshop\vendor\gabordemooij\redbean\RedBeanPHP\Driver\RPDO.php | Строка: 206 
        
********
[2023-03-17 10:37:09] Текст ошибки: SQLSTATE[01000]: Warning: 1265 Data truncated for column 'status' at row 1 | Файл: D:\OSPanel\domains\watchesshop\vendor\gabordemooij\redbean\RedBeanPHP\Driver\RPDO.php | Строка: 206 
        
********
[2023-03-17 10:37:11] Текст ошибки: SQLSTATE[01000]: Warning: 1265 Data truncated for column 'status' at row 1 | Файл: D:\OSPanel\domains\watchesshop\vendor\gabordemooij\redbean\RedBeanPHP\Driver\RPDO.php | Строка: 206 
        
********
[2023-03-17 10:37:12] Текст ошибки: SQLSTATE[01000]: Warning: 1265 Data truncated for column 'status' at row 1 | Файл: D:\OSPanel\domains\watchesshop\vendor\gabordemooij\redbean\RedBeanPHP\Driver\RPDO.php | Строка: 206 
        
********
[2023-03-17 10:38:59] Текст ошибки: SQLSTATE[01000]: Warning: 1265 Data truncated for column 'status' at row 1 | Файл: D:\OSPanel\domains\watchesshop\vendor\gabordemooij\redbean\RedBeanPHP\Driver\RPDO.php | Строка: 206 
        
********
[2023-03-17 10:38:59] Текст ошибки: SQLSTATE[01000]: Warning: 1265 Data truncated for column 'status' at row 1 | Файл: D:\OSPanel\domains\watchesshop\vendor\gabordemooij\redbean\RedBeanPHP\Driver\RPDO.php | Строка: 206 
        
********
[2023-03-17 10:39:17] Текст ошибки: SQLSTATE[01000]: Warning: 1265 Data truncated for column 'status' at row 1 | Файл: D:\OSPanel\domains\watchesshop\vendor\gabordemooij\redbean\RedBeanPHP\Driver\RPDO.php | Строка: 206 
        
********
[2023-03-17 10:39:18] Текст ошибки: SQLSTATE[01000]: Warning: 1265 Data truncated for column 'status' at row 1 | Файл: D:\OSPanel\domains\watchesshop\vendor\gabordemooij\redbean\RedBeanPHP\Driver\RPDO.php | Строка: 206 
        
********
[2023-03-17 10:40:11] Текст ошибки: SQLSTATE[01000]: Warning: 1265 Data truncated for column 'status' at row 1 | Файл: D:\OSPanel\domains\watchesshop\vendor\gabordemooij\redbean\RedBeanPHP\Driver\RPDO.php | Строка: 206 
        
********
[2023-03-17 10:40:12] Текст ошибки: SQLSTATE[01000]: Warning: 1265 Data truncated for column 'status' at row 1 | Файл: D:\OSPanel\domains\watchesshop\vendor\gabordemooij\redbean\RedBeanPHP\Driver\RPDO.php | Строка: 206 
        
********
[2023-03-17 10:40:14] Текст ошибки: SQLSTATE[01000]: Warning: 1265 Data truncated for column 'status' at row 1 | Файл: D:\OSPanel\domains\watchesshop\vendor\gabordemooij\redbean\RedBeanPHP\Driver\RPDO.php | Строка: 206 
        
********
[2023-03-17 10:40:15] Текст ошибки: SQLSTATE[01000]: Warning: 1265 Data truncated for column 'status' at row 1 | Файл: D:\OSPanel\domains\watchesshop\vendor\gabordemooij\redbean\RedBeanPHP\Driver\RPDO.php | Строка: 206 
        
********
[2023-03-17 10:41:50] Текст ошибки: SQLSTATE[01000]: Warning: 1265 Data truncated for column 'status' at row 1 | Файл: D:\OSPanel\domains\watchesshop\vendor\gabordemooij\redbean\RedBeanPHP\Driver\RPDO.php | Строка: 206 
        
********
[2023-03-17 10:41:51] Текст ошибки: SQLSTATE[01000]: Warning: 1265 Data truncated for column 'status' at row 1 | Файл: D:\OSPanel\domains\watchesshop\vendor\gabordemooij\redbean\RedBeanPHP\Driver\RPDO.php | Строка: 206 
        
********
[2023-03-17 10:42:40] Текст ошибки: SQLSTATE[01000]: Warning: 1265 Data truncated for column 'status' at row 1 | Файл: D:\OSPanel\domains\watchesshop\vendor\gabordemooij\redbean\RedBeanPHP\Driver\RPDO.php | Строка: 206 
        
********
[2023-03-17 10:42:41] Текст ошибки: SQLSTATE[01000]: Warning: 1265 Data truncated for column 'status' at row 1 | Файл: D:\OSPanel\domains\watchesshop\vendor\gabordemooij\redbean\RedBeanPHP\Driver\RPDO.php | Строка: 206 
        
********
[2023-03-17 10:43:23] Текст ошибки: SQLSTATE[01000]: Warning: 1265 Data truncated for column 'status' at row 1 | Файл: D:\OSPanel\domains\watchesshop\vendor\gabordemooij\redbean\RedBeanPHP\Driver\RPDO.php | Строка: 206 
        
********
[2023-03-17 10:43:24] Текст ошибки: SQLSTATE[01000]: Warning: 1265 Data truncated for column 'status' at row 1 | Файл: D:\OSPanel\domains\watchesshop\vendor\gabordemooij\redbean\RedBeanPHP\Driver\RPDO.php | Строка: 206 
        
********
[2023-03-17 10:43:36] Текст ошибки: SQLSTATE[01000]: Warning: 1265 Data truncated for column 'status' at row 1 | Файл: D:\OSPanel\domains\watchesshop\vendor\gabordemooij\redbean\RedBeanPHP\Driver\RPDO.php | Строка: 206 
        
********
[2023-03-17 10:43:37] Текст ошибки: SQLSTATE[01000]: Warning: 1265 Data truncated for column 'status' at row 1 | Файл: D:\OSPanel\domains\watchesshop\vendor\gabordemooij\redbean\RedBeanPHP\Driver\RPDO.php | Строка: 206 
        
********
[2023-03-17 10:43:47] Текст ошибки: SQLSTATE[01000]: Warning: 1265 Data truncated for column 'status' at row 1 | Файл: D:\OSPanel\domains\watchesshop\vendor\gabordemooij\redbean\RedBeanPHP\Driver\RPDO.php | Строка: 206 
        
********
[2023-03-17 10:43:48] Текст ошибки: SQLSTATE[01000]: Warning: 1265 Data truncated for column 'status' at row 1 | Файл: D:\OSPanel\domains\watchesshop\vendor\gabordemooij\redbean\RedBeanPHP\Driver\RPDO.php | Строка: 206 
        
********
[2023-03-17 10:54:50] Текст ошибки: SQLSTATE[01000]: Warning: 1265 Data truncated for column 'status' at row 1 | Файл: D:\OSPanel\domains\watchesshop\vendor\gabordemooij\redbean\RedBeanPHP\Driver\RPDO.php | Строка: 206 
        
********
[2023-03-17 10:54:51] Текст ошибки: SQLSTATE[01000]: Warning: 1265 Data truncated for column 'status' at row 1 | Файл: D:\OSPanel\domains\watchesshop\vendor\gabordemooij\redbean\RedBeanPHP\Driver\RPDO.php | Строка: 206 
        
********
[2023-03-17 10:54:53] Текст ошибки: SQLSTATE[01000]: Warning: 1265 Data truncated for column 'status' at row 1 | Файл: D:\OSPanel\domains\watchesshop\vendor\gabordemooij\redbean\RedBeanPHP\Driver\RPDO.php | Строка: 206 
        
********
[2023-03-17 10:54:53] Текст ошибки: SQLSTATE[01000]: Warning: 1265 Data truncated for column 'status' at row 1 | Файл: D:\OSPanel\domains\watchesshop\vendor\gabordemooij\redbean\RedBeanPHP\Driver\RPDO.php | Строка: 206 
        
********
[2023-03-17 10:55:20] Текст ошибки: SQLSTATE[01000]: Warning: 1265 Data truncated for column 'status' at row 1 | Файл: D:\OSPanel\domains\watchesshop\vendor\gabordemooij\redbean\RedBeanPHP\Driver\RPDO.php | Строка: 206 
        
********
[2023-03-17 10:55:21] Текст ошибки: SQLSTATE[01000]: Warning: 1265 Data truncated for column 'status' at row 1 | Файл: D:\OSPanel\domains\watchesshop\vendor\gabordemooij\redbean\RedBeanPHP\Driver\RPDO.php | Строка: 206 
        
********
[2023-03-17 10:55:58] Текст ошибки: SQLSTATE[01000]: Warning: 1265 Data truncated for column 'status' at row 1 | Файл: D:\OSPanel\domains\watchesshop\vendor\gabordemooij\redbean\RedBeanPHP\Driver\RPDO.php | Строка: 206 
        
********
[2023-03-17 10:55:59] Текст ошибки: SQLSTATE[01000]: Warning: 1265 Data truncated for column 'status' at row 1 | Файл: D:\OSPanel\domains\watchesshop\vendor\gabordemooij\redbean\RedBeanPHP\Driver\RPDO.php | Строка: 206 
        
********
[2023-03-17 10:58:05] Текст ошибки: SQLSTATE[01000]: Warning: 1265 Data truncated for column 'status' at row 1 | Файл: D:\OSPanel\domains\watchesshop\vendor\gabordemooij\redbean\RedBeanPHP\Driver\RPDO.php | Строка: 206 
        
********
[2023-03-17 10:58:06] Текст ошибки: SQLSTATE[01000]: Warning: 1265 Data truncated for column 'status' at row 1 | Файл: D:\OSPanel\domains\watchesshop\vendor\gabordemooij\redbean\RedBeanPHP\Driver\RPDO.php | Строка: 206 
        
********
[2023-03-17 10:59:17] Текст ошибки: SQLSTATE[01000]: Warning: 1265 Data truncated for column 'status' at row 1 | Файл: D:\OSPanel\domains\watchesshop\vendor\gabordemooij\redbean\RedBeanPHP\Driver\RPDO.php | Строка: 206 
        
********
[2023-03-17 10:59:17] Текст ошибки: SQLSTATE[01000]: Warning: 1265 Data truncated for column 'status' at row 1 | Файл: D:\OSPanel\domains\watchesshop\vendor\gabordemooij\redbean\RedBeanPHP\Driver\RPDO.php | Строка: 206 
        
********
